Rc files read (in order):
  NONE
Latexmk: This is Latexmk, John Collins, 9 March 2026. Version 4.88.
No existing .aux file, so I'll make a simple one, and require run of *latex.
Latexmk: applying rule 'pdflatex'...
Rule 'pdflatex':  Reasons for rerun
Category 'other':
  Rerun of 'pdflatex' forced or previously required:
    Reason or flag: 'Initial setup'

------------
Run number 1 of rule 'pdflatex'
------------
------------
Running 'pdflatex  -interaction=nonstopmode -halt-on-error -recorder  "manuscript.tex"'
------------
This is pdfTeX, Version 3.141592653-2.6-1.40.29 (TeX Live 2026) (preloaded format=pdflatex)
 restricted \write18 enabled.
entering extended mode
(./manuscript.tex
LaTeX2e <2025-11-01>
L3 programming layer <2026-05-26>
(/home/pan-navigator/.TinyTeX/texmf-dist/tex/latex/elsarticle/elsarticle.cls
Document Class: elsarticle 2026/01/09, 3.5: Elsevier Ltd
(/home/pan-navigator/.TinyTeX/texmf-dist/tex/latex/base/fontenc.sty) (/home/pan-navigator/.TinyTeX/texmf-dist/tex/latex/l3kernel/expl3.sty (/home/pan-navigator/.TinyTeX/texmf-dist/tex/latex/l3backend/l3backend-pdftex.def)) (/home/pan-navigator/.TinyTeX/texmf-dist/tex/latex/l3packages/xparse/xparse.sty) (/home/pan-navigator/.TinyTeX/texmf-dist/tex/latex/etoolbox/etoolbox.sty) (/home/pan-navigator/.TinyTeX/texmf-dist/tex/latex/base/article.cls
Document Class: article 2025/01/22 v1.4n Standard LaTeX document class
(/home/pan-navigator/.TinyTeX/texmf-dist/tex/latex/base/size10.clo)) (/home/pan-navigator/.TinyTeX/texmf-dist/tex/latex/graphics/graphicx.sty (/home/pan-navigator/.TinyTeX/texmf-dist/tex/latex/graphics/keyval.sty) (/home/pan-navigator/.TinyTeX/texmf-dist/tex/latex/graphics/graphics.sty (/home/pan-navigator/.TinyTeX/texmf-dist/tex/latex/graphics/trig.sty) (/home/pan-navigator/.TinyTeX/texmf-dist/tex/latex/graphics-cfg/graphics.cfg) (/home/pan-navigator/.TinyTeX/texmf-dist/tex/latex/graphics-def/pdftex.def))) (./manuscript.spl) (/home/pan-navigator/.TinyTeX/texmf-dist/tex/latex/natbib/natbib.sty)) (/home/pan-navigator/.TinyTeX/texmf-dist/tex/latex/txfonts/txfonts.sty) (/home/pan-navigator/.TinyTeX/texmf-dist/tex/latex/amsmath/amsmath.sty
For additional information on amsmath, use the `?' option.
(/home/pan-navigator/.TinyTeX/texmf-dist/tex/latex/amsmath/amstext.sty (/home/pan-navigator/.TinyTeX/texmf-dist/tex/latex/amsmath/amsgen.sty)) (/home/pan-navigator/.TinyTeX/texmf-dist/tex/latex/amsmath/amsbsy.sty) (/home/pan-navigator/.TinyTeX/texmf-dist/tex/latex/amsmath/amsopn.sty)) (/home/pan-navigator/.TinyTeX/texmf-dist/tex/latex/amsfonts/amssymb.sty (/home/pan-navigator/.TinyTeX/texmf-dist/tex/latex/amsfonts/amsfonts.sty)) (/home/pan-navigator/.TinyTeX/texmf-dist/tex/latex/algorithms/algorithm.sty (/home/pan-navigator/.TinyTeX/texmf-dist/tex/latex/float/float.sty) (/home/pan-navigator/.TinyTeX/texmf-dist/tex/latex/base/ifthen.sty)) (/home/pan-navigator/.TinyTeX/texmf-dist/tex/latex/algorithms/algorithmic.sty) (/home/pan-navigator/.TinyTeX/texmf-dist/tex/latex/base/textcomp.sty) (/home/pan-navigator/.TinyTeX/texmf-dist/tex/latex/xcolor/xcolor.sty (/home/pan-navigator/.TinyTeX/texmf-dist/tex/latex/graphics-cfg/color.cfg) (/home/pan-navigator/.TinyTeX/texmf-dist/tex/latex/graphics/mathcolor.ltx)) (/home/pan-navigator/.TinyTeX/texmf-dist/tex/latex/booktabs/booktabs.sty) (/home/pan-navigator/.TinyTeX/texmf-dist/tex/latex/multirow/multirow.sty) (/home/pan-navigator/.TinyTeX/texmf-dist/tex/latex/siunitx/siunitx.sty (/home/pan-navigator/.TinyTeX/texmf-dist/tex/latex/tools/array.sty)) (/home/pan-navigator/.TinyTeX/texmf-dist/tex/latex/hyperref/hyperref.sty (/home/pan-navigator/.TinyTeX/texmf-dist/tex/generic/iftex/iftex.sty) (/home/pan-navigator/.TinyTeX/texmf-dist/tex/latex/kvsetkeys/kvsetkeys.sty) (/home/pan-navigator/.TinyTeX/texmf-dist/tex/generic/kvdefinekeys/kvdefinekeys.sty) (/home/pan-navigator/.TinyTeX/texmf-dist/tex/generic/pdfescape/pdfescape.sty (/home/pan-navigator/.TinyTeX/texmf-dist/tex/generic/ltxcmds/ltxcmds.sty) (/home/pan-navigator/.TinyTeX/texmf-dist/tex/generic/pdftexcmds/pdftexcmds.sty (/home/pan-navigator/.TinyTeX/texmf-dist/tex/generic/infwarerr/infwarerr.sty))) (/home/pan-navigator/.TinyTeX/texmf-dist/tex/latex/hycolor/hycolor.sty) (/home/pan-navigator/.TinyTeX/texmf-dist/tex/latex/hyperref/nameref.sty (/home/pan-navigator/.TinyTeX/texmf-dist/tex/latex/refcount/refcount.sty) (/home/pan-navigator/.TinyTeX/texmf-dist/tex/generic/gettitlestring/gettitlestring.sty (/home/pan-navigator/.TinyTeX/texmf-dist/tex/latex/kvoptions/kvoptions.sty))) (/home/pan-navigator/.TinyTeX/texmf-dist/tex/generic/stringenc/stringenc.sty) (/home/pan-navigator/.TinyTeX/texmf-dist/tex/latex/hyperref/pd1enc.def) (/home/pan-navigator/.TinyTeX/texmf-dist/tex/generic/intcalc/intcalc.sty) (/home/pan-navigator/.TinyTeX/texmf-dist/tex/latex/hyperref/puenc.def) (/home/pan-navigator/.TinyTeX/texmf-dist/tex/latex/url/url.sty) (/home/pan-navigator/.TinyTeX/texmf-dist/tex/generic/bitset/bitset.sty (/home/pan-navigator/.TinyTeX/texmf-dist/tex/generic/bigintcalc/bigintcalc.sty))) (/home/pan-navigator/.TinyTeX/texmf-dist/tex/latex/hyperref/hpdftex.def (/home/pan-navigator/.TinyTeX/texmf-dist/tex/latex/rerunfilecheck/rerunfilecheck.sty (/home/pan-navigator/.TinyTeX/texmf-dist/tex/generic/uniquecounter/uniquecounter.sty))) (/home/pan-navigator/.TinyTeX/texmf-dist/tex/latex/txfonts/t1txr.fd) (./manuscript.aux) (/home/pan-navigator/.TinyTeX/texmf-dist/tex/latex/txfonts/omltxmi.fd) (/home/pan-navigator/.TinyTeX/texmf-dist/tex/latex/txfonts/omstxsy.fd) (/home/pan-navigator/.TinyTeX/texmf-dist/tex/latex/txfonts/omxtxex.fd) (/home/pan-navigator/.TinyTeX/texmf-dist/tex/latex/txfonts/utxexa.fd) (/home/pan-navigator/.TinyTeX/texmf-dist/tex/latex/epstopdf-pkg/epstopdf-base.sty (/home/pan-navigator/.TinyTeX/texmf-dist/tex/latex/latexconfig/epstopdf-sys.cfg)) (/home/pan-navigator/.TinyTeX/texmf-dist/tex/latex/txfonts/ot1txr.fd) (/home/pan-navigator/.TinyTeX/texmf-dist/tex/latex/txfonts/utxmia.fd) (/home/pan-navigator/.TinyTeX/texmf-dist/tex/latex/amsfonts/umsa.fd) (/home/pan-navigator/.TinyTeX/texmf-dist/tex/latex/amsfonts/umsb.fd) (/home/pan-navigator/.TinyTeX/texmf-dist/tex/latex/txfonts/utxsyc.fd)

Package natbib Warning: Citation `chalasani1996' on page 1 undefined on input line 75.


Package natbib Warning: Citation `cheng2024drl' on page 1 undefined on input line 75.


Package natbib Warning: Citation `gundupalli2021sequence' on page 1 undefined on input line 75.


Package natbib Warning: Citation `kiyokawa2024challenges' on page 1 undefined on input line 75.

[1{/home/pan-navigator/.TinyTeX/texmf-var/fonts/map/pdftex/updmap/pdftex.map}{/home/pan-navigator/.TinyTeX/texmf-dist/fonts/enc/dvips/base/8r.enc}]

Package natbib Warning: Citation `dantzig1954' on page 2 undefined on input line 77.


Package natbib Warning: Citation `applegate2006concorde' on page 2 undefined on input line 79.

[2]

LaTeX Warning: Reference `tab:ablations' on page 3 undefined on input line 88.


Overfull \hbox (0.127pt too wide) in paragraph at lines 89--90
\T1/txr/m/n/10 search, and the Lin--Kernighan--Helsgaun (LKH) heuris-tic via \T1/cmtt/m/n/10 elkai\T1/txr/m/n/10 ---alongside
[3]

Package natbib Warning: Citation `nair2021neural' on page 4 undefined on input line 91.


LaTeX Warning: Reference `sec:lit' on page 4 undefined on input line 94.


LaTeX Warning: Reference `sec:methods' on page 4 undefined on input line 94.


LaTeX Warning: Reference `sec:ilp_accel' on page 4 undefined on input line 94.


LaTeX Warning: Reference `sec:data' on page 4 undefined on input line 94.


LaTeX Warning: Reference `sec:results' on page 4 undefined on input line 94.


LaTeX Warning: Reference `sec:conclusion' on page 4 undefined on input line 94.


Package natbib Warning: Citation `dantzig1954' on page 4 undefined on input line 102.


Package natbib Warning: Citation `han2020pap' on page 4 undefined on input line 102.


Package natbib Warning: Citation `savelsbergh1995pdp' on page 4 undefined on input line 102.


Package natbib Warning: Citation `frederickson1978sc' on page 4 undefined on input line 102.

[4]

Package natbib Warning: Citation `kirkpatrick1983sa' on page 5 undefined on input line 106.


Package natbib Warning: Citation `glover1989tabu' on page 5 undefined on input line 106.


Package natbib Warning: Citation `voudouris2003gls' on page 5 undefined on input line 106.


Package natbib Warning: Citation `helsgaun2000lkh' on page 5 undefined on input line 106.


Package natbib Warning: Citation `ortools' on page 5 undefined on input line 106.


LaTeX Warning: Reference `sec:baselines' on page 5 undefined on input line 106.


Package natbib Warning: Citation `rosenkrantz1977' on page 5 undefined on input line 110.


Package natbib Warning: Citation `vinyals2015pointer' on page 5 undefined on input line 114.


Package natbib Warning: Citation `kool2019attention' on page 5 undefined on input line 114.


Package natbib Warning: Citation `kwon2020pomo' on page 5 undefined on input line 114.


Package natbib Warning: Citation `kim2022symnco' on page 5 undefined on input line 114.


Package natbib Warning: Citation `costa2020learning2opt' on page 5 undefined on input line 114.


Package natbib Warning: Citation `perera2023gpn' on page 5 undefined on input line 114.

[5]

Package natbib Warning: Citation `cappart2023gnnco' on page 6 undefined on input line 120.


Package natbib Warning: Citation `chung2025ncosurvey' on page 6 undefined on input line 120.


Package natbib Warning: Citation `nair2021neural' on page 6 undefined on input line 124.


LaTeX Warning: Reference `sec:hint_fail' on page 6 undefined on input line 124.


Package natbib Warning: Citation `khalil2016learning' on page 6 undefined on input line 124.


Package natbib Warning: Citation `gasse2019exact' on page 6 undefined on input line 124.


Package natbib Warning: Citation `sun2021sparsify' on page 6 undefined on input line 124.


Package natbib Warning: Citation `joshi2019gcntsp' on page 6 undefined on input line 124.


Package natbib Warning: Citation `fu2021gentsp' on page 6 undefined on input line 124.


Package natbib Warning: Citation `min2023utsp' on page 6 undefined on input line 124.


Package natbib Warning: Citation `kwon2021matnet' on page 6 undefined on input line 124.

[6]

Package natbib Warning: Citation `held1962dp' on page 7 undefined on input line 140.

[7]

LaTeX Warning: Reference `app:features' on page 8 undefined on input line 146.


LaTeX Warning: Reference `fig:graph_topology' on page 8 undefined on input line 154.


LaTeX Warning: Reference `tab:ablations' on page 8 undefined on input line 165.

[8] [9 <./figures/paper/fig1_graph_topology.png>]

Package natbib Warning: Citation `loshchilov2019adamw' on page 10 undefined on input line 169.


Package natbib Warning: Citation `ortools' on page 10 undefined on input line 201.


LaTeX Warning: Reference `sec:circuit' on page 10 undefined on input line 201.


Package natbib Warning: Citation `applegate2006concorde' on page 10 undefined on input line 201.

[10]

Package natbib Warning: Citation `caseau1997circuit' on page 11 undefined on input line 205.


Package natbib Warning: Citation `francis2014explaining' on page 11 undefined on input line 205.


Package natbib Warning: Citation `perron2023cpsat' on page 11 undefined on input line 205.


Overfull \hbox (7.22469pt too wide) in paragraph at lines 205--206
\T1/txr/m/n/10 successor-domain \T1/cmtt/m/n/10 alldifferent \T1/txr/m/n/10 rea-son-ing with strongly-connected-component checks
[11]

Package natbib Warning: Citation `nair2021neural' on page 12 undefined on input line 222.

[12]

LaTeX Warning: Reference `tab:pruning_ablation' on page 13 undefined on input line 248.

[13]
Overfull \hbox (7.11526pt too wide) in paragraph at lines 277--278
[]\T1/txr/m/n/10 We gen-er-ated 5,000 sce-nar-ios per ob-ject count $\OML/txmi/m/it/10 N \OMS/txsy/m/n/10 2 f\OT1/txr/m/n/10 3\OML/txmi/m/it/10 ; \OT1/txr/m/n/10 5\OML/txmi/m/it/10 ; \OT1/txr/m/n/10 10\OML/txmi/m/it/10 ; \OT1/txr/m/n/10 20\OML/txmi/m/it/10 ; \OT1/txr/m/n/10 40\OML/txmi/m/it/10 ; \OT1/txr/m/n/10 100\OML/txmi/m/it/10 ; \OT1/txr/m/n/10 200\OMS/txsy/m/n/10 g$ \T1/txr/m/n/10 (35,000
[14]

LaTeX Warning: Reference `tab:baselines' on page 15 undefined on input line 279.


LaTeX Warning: Reference `tab:ilp_speedup' on page 15 undefined on input line 279.


LaTeX Warning: Reference `tab:ablations' on page 15 undefined on input line 279.


Overfull \hbox (52.8164pt too wide) in paragraph at lines 287--288
\T1/txr/m/n/10 met-ric 2.7.0, OR-Tools 9.x, Con-corde 03.12.19. CP-SAT is in-voked with \T1/cmtt/m/n/10 num_search_workers \T1/txr/m/n/10 = 8

Package natbib Warning: Citation `binning_dataset_2026' on page 15 undefined on input line 289.


Package natbib Warning: Citation `leap_software_2026' on page 15 undefined on input line 289.


LaTeX Warning: Reference `sec:gnn_eval' on page 15 undefined on input line 295.


LaTeX Warning: Reference `sec:hybrid_eval' on page 15 undefined on input line 295.

[15]

LaTeX Warning: Reference `fig:training_loss' on page 16 undefined on input line 303.


LaTeX Warning: Reference `fig:training_win_rate' on page 16 undefined on input line 303.


LaTeX Warning: Reference `tab:cross_size' on page 16 undefined on input line 321.


LaTeX Warning: Reference `tab:ilp_gap' on page 16 undefined on input line 321.


LaTeX Warning: Reference `fig:step_advantage' on page 16 undefined on input line 365.

[16 <./figures/40obj/training/loss.png>] [17 <./figures/40obj/training/win_rate.png>]

LaTeX Warning: Reference `tab:ablations' on page 18 undefined on input line 376.

[18]

LaTeX Warning: Reference `sec:methods' on page 19 undefined on input line 408.


Overfull \hbox (4.29008pt too wide) in paragraph at lines 408--409
[]\T1/txr/m/n/10 The cyclic star topol-ogy is es-sen-tial: fully con-nected fails catas-troph-i-cally ($\OMS/txsy/m/n/10 ^^@$\T1/txr/m/n/10 24.8%).

LaTeX Warning: Reference `tab:baselines' on page 19 undefined on input line 418.

[19 <./figures/40obj/steps/per_step_advantage.png>]

LaTeX Warning: Reference `tab:k_sens' on page 20 undefined on input line 445.


LaTeX Warning: Reference `sec:reproducibility' on page 20 undefined on input line 446.


LaTeX Warning: Reference `fig:pareto_n200' on page 20 undefined on input line 456.


LaTeX Warning: Reference `tab:baselines' on page 20 undefined on input line 456.

[20] [21 <./figures/paper/fig_pareto_n200.png>]

LaTeX Warning: Reference `fig:timing_scaling' on page 22 undefined on input line 460.


LaTeX Warning: Reference `fig:runtime_hist' on page 22 undefined on input line 460.


LaTeX Warning: Reference `tab:ilp_speedup' on page 22 undefined on input line 460.


LaTeX Warning: Reference `sec:reproducibility' on page 22 undefined on input line 495.


LaTeX Warning: Reference `tab:k_sens' on page 22 undefined on input line 495.


Package hyperref Warning: Token not allowed in a PDF string (Unicode):
(hyperref)                removing `math shift' on input line 498.


Package hyperref Warning: Token not allowed in a PDF string (Unicode):
(hyperref)                removing `math shift' on input line 498.


LaTeX Warning: Reference `tab:k_sens' on page 22 undefined on input line 500.


LaTeX Warning: Reference `fig:k_pareto' on page 22 undefined on input line 500.


LaTeX Warning: Reference `tab:baselines' on page 22 undefined on input line 510.


LaTeX Warning: Reference `tab:baselines' on page 22 undefined on input line 510.


LaTeX Warning: Reference `tab:ilp_speedup' on page 22 undefined on input line 536.

[22] [23 <./figures/paper/fig_timing_scaling_v2.png> <./figures/paper/fig_runtime_histogram.png>] [24 <./figures/paper/fig_k_pareto.png>]

LaTeX Warning: Reference `tab:hint_comparison' on page 25 undefined on input line 540.


LaTeX Warning: Reference `sec:hint_fail' on page 25 undefined on input line 540.


Package natbib Warning: Citation `nair2021neural' on page 25 undefined on input line 540.


Package natbib Warning: Citation `joshi2021rethinking' on page 25 undefined on input line 561.


LaTeX Warning: Reference `sec:reproducibility' on page 25 undefined on input line 561.


Package natbib Warning: Citation `vinyals2015pointer' on page 25 undefined on input line 561.


Package natbib Warning: Citation `kool2019attention' on page 25 undefined on input line 561.


Package natbib Warning: Citation `kwon2021matnet' on page 25 undefined on input line 561.

[25] [26]

Package natbib Warning: Citation `applegate2006concorde' on page 27 undefined on input line 567.


Package natbib Warning: Citation `helsgaun2000lkh' on page 27 undefined on input line 567.


Overfull \hbox (6.67953pt too wide) in paragraph at lines 567--568
[]\T1/txr/m/n/10 We have pre-sented LEAP (Learning-Enhanced Arc Prun-ing), a frame-work for robotic

Package natbib Warning: Citation `ross2011dagger' on page 27 undefined on input line 571.


Package natbib Warning: Citation `han2020pap' on page 27 undefined on input line 571.


Package natbib Warning: Citation `ojha2026obstacle' on page 27 undefined on input line 571.


Package natbib Warning: Citation `binning_dataset_2026' on page 27 undefined on input line 577.


Package natbib Warning: Citation `leap_software_2026' on page 27 undefined on input line 577.

[27]
Overfull \hbox (1.92949pt too wide) in paragraph at lines 579--579
[][]\T1/txr/bx/n/10 Declaration of gen-er-a-tive AI and AI-assisted tech-nolo-gies in the manuscript prepa-
(./manuscript.bbl [28]
Underfull \hbox (badness 2103) in paragraph at lines 27--29
[]\T1/txr/m/n/10 V. Nair, et al., Solv-ing mixed in-te-ger pro-grams us-ing neu-ral net-works,
[29] [30] [31])

Package natbib Warning: There were undefined citations.

[32] (./manuscript.aux

Package natbib Warning: Citation(s) may have changed.
(natbib)                Rerun to get citations correct.

)

LaTeX Warning: There were undefined references.


LaTeX Warning: Label(s) may have changed. Rerun to get cross-references right.


Package rerunfilecheck Warning: File `manuscript.out' has changed.
(rerunfilecheck)                Rerun to get outlines right
(rerunfilecheck)                or use package `bookmark'.

 )
(see the transcript file for additional information) </home/pan-navigator/.TinyTeX/texmf-var/fonts/pk/ljfour/jknappen/ec/ectt0800.600pk> </home/pan-navigator/.TinyTeX/texmf-var/fonts/pk/ljfour/jknappen/ec/ectt1000.600pk></home/pan-navigator/.TinyTeX/texmf-dist/fonts/type1/public/amsfonts/symbols/msbm10.pfb></home/pan-navigator/.TinyTeX/texmf-dist/fonts/type1/public/txfonts/rtxb.pfb></home/pan-navigator/.TinyTeX/texmf-dist/fonts/type1/public/txfonts/rtxmi.pfb></home/pan-navigator/.TinyTeX/texmf-dist/fonts/type1/public/txfonts/rtxr.pfb></home/pan-navigator/.TinyTeX/texmf-dist/fonts/type1/public/txfonts/txex.pfb></home/pan-navigator/.TinyTeX/texmf-dist/fonts/type1/public/txfonts/txsy.pfb></home/pan-navigator/.TinyTeX/texmf-dist/fonts/type1/public/txfonts/txsyc.pfb></home/pan-navigator/.TinyTeX/texmf-dist/fonts/type1/urw/times/utmb8a.pfb></home/pan-navigator/.TinyTeX/texmf-dist/fonts/type1/urw/times/utmr8a.pfb></home/pan-navigator/.TinyTeX/texmf-dist/fonts/type1/urw/times/utmri8a.pfb>
Output written on manuscript.pdf (32 pages, 998886 bytes).
Transcript written on manuscript.log.
Latexmk: Getting log file 'manuscript.log'
Latexmk: Examining 'manuscript.fls'
Latexmk: Examining 'manuscript.log'
Latexmk: Found input bbl file 'manuscript.bbl'
Latexmk: References changed.
Latexmk: References changed.
Latexmk: References changed.
Latexmk: Log file says output to 'manuscript.pdf'
Latexmk: Using bibtex to make bibliography file(s).
  ===Source file 'manuscript.bbl' for 'pdflatex'
Create bibtex manuscript
Latexmk: Found bibliography file(s):
  ./refs.bib
Latexmk: applying rule 'bibtex manuscript'...
Rule 'bibtex manuscript':  Reasons for rerun
Category 'other':
  Rerun of 'bibtex manuscript' forced or previously required:
    Reason or flag: 'Initial set up of rule'

------------
Run number 1 of rule 'bibtex manuscript'
------------
------------
Running 'bibtex  "manuscript.aux"'
------------
This is BibTeX, Version 0.99e (TeX Live 2026)
The top-level auxiliary file: manuscript.aux
The style file: elsarticle-num.bst
Database file #1: refs.bib
Warning--empty pages in chalasani1996
Warning--empty pages in vinyals2015pointer
Warning--empty pages in kool2019attention
Warning--empty pages in gasse2019exact
Warning--can't use both volume and number fields in fu2021gentsp
Warning--empty pages in min2023utsp
Warning--empty pages in loshchilov2019adamw
Warning--empty pages in perron2023cpsat
Warning--empty pages in joshi2021rethinking
(There were 9 warnings)
Latexmk: applying rule 'pdflatex'...
Rule 'pdflatex':  Reasons for rerun
Changed files or newly in use/created:
  manuscript.aux
  manuscript.bbl
  manuscript.out
  manuscript.spl

------------
Run number 2 of rule 'pdflatex'
------------
------------
Running 'pdflatex  -interaction=nonstopmode -halt-on-error -recorder  "manuscript.tex"'
------------
This is pdfTeX, Version 3.141592653-2.6-1.40.29 (TeX Live 2026) (preloaded format=pdflatex)
 restricted \write18 enabled.
entering extended mode
(./manuscript.tex
LaTeX2e <2025-11-01>
L3 programming layer <2026-05-26>
(/home/pan-navigator/.TinyTeX/texmf-dist/tex/latex/elsarticle/elsarticle.cls
Document Class: elsarticle 2026/01/09, 3.5: Elsevier Ltd
(/home/pan-navigator/.TinyTeX/texmf-dist/tex/latex/base/fontenc.sty) (/home/pan-navigator/.TinyTeX/texmf-dist/tex/latex/l3kernel/expl3.sty (/home/pan-navigator/.TinyTeX/texmf-dist/tex/latex/l3backend/l3backend-pdftex.def)) (/home/pan-navigator/.TinyTeX/texmf-dist/tex/latex/l3packages/xparse/xparse.sty) (/home/pan-navigator/.TinyTeX/texmf-dist/tex/latex/etoolbox/etoolbox.sty) (/home/pan-navigator/.TinyTeX/texmf-dist/tex/latex/base/article.cls
Document Class: article 2025/01/22 v1.4n Standard LaTeX document class
(/home/pan-navigator/.TinyTeX/texmf-dist/tex/latex/base/size10.clo)) (/home/pan-navigator/.TinyTeX/texmf-dist/tex/latex/graphics/graphicx.sty (/home/pan-navigator/.TinyTeX/texmf-dist/tex/latex/graphics/keyval.sty) (/home/pan-navigator/.TinyTeX/texmf-dist/tex/latex/graphics/graphics.sty (/home/pan-navigator/.TinyTeX/texmf-dist/tex/latex/graphics/trig.sty) (/home/pan-navigator/.TinyTeX/texmf-dist/tex/latex/graphics-cfg/graphics.cfg) (/home/pan-navigator/.TinyTeX/texmf-dist/tex/latex/graphics-def/pdftex.def))) (./manuscript.spl) (/home/pan-navigator/.TinyTeX/texmf-dist/tex/latex/natbib/natbib.sty)) (/home/pan-navigator/.TinyTeX/texmf-dist/tex/latex/txfonts/txfonts.sty) (/home/pan-navigator/.TinyTeX/texmf-dist/tex/latex/amsmath/amsmath.sty
For additional information on amsmath, use the `?' option.
(/home/pan-navigator/.TinyTeX/texmf-dist/tex/latex/amsmath/amstext.sty (/home/pan-navigator/.TinyTeX/texmf-dist/tex/latex/amsmath/amsgen.sty)) (/home/pan-navigator/.TinyTeX/texmf-dist/tex/latex/amsmath/amsbsy.sty) (/home/pan-navigator/.TinyTeX/texmf-dist/tex/latex/amsmath/amsopn.sty)) (/home/pan-navigator/.TinyTeX/texmf-dist/tex/latex/amsfonts/amssymb.sty (/home/pan-navigator/.TinyTeX/texmf-dist/tex/latex/amsfonts/amsfonts.sty)) (/home/pan-navigator/.TinyTeX/texmf-dist/tex/latex/algorithms/algorithm.sty (/home/pan-navigator/.TinyTeX/texmf-dist/tex/latex/float/float.sty) (/home/pan-navigator/.TinyTeX/texmf-dist/tex/latex/base/ifthen.sty)) (/home/pan-navigator/.TinyTeX/texmf-dist/tex/latex/algorithms/algorithmic.sty) (/home/pan-navigator/.TinyTeX/texmf-dist/tex/latex/base/textcomp.sty) (/home/pan-navigator/.TinyTeX/texmf-dist/tex/latex/xcolor/xcolor.sty (/home/pan-navigator/.TinyTeX/texmf-dist/tex/latex/graphics-cfg/color.cfg) (/home/pan-navigator/.TinyTeX/texmf-dist/tex/latex/graphics/mathcolor.ltx)) (/home/pan-navigator/.TinyTeX/texmf-dist/tex/latex/booktabs/booktabs.sty) (/home/pan-navigator/.TinyTeX/texmf-dist/tex/latex/multirow/multirow.sty) (/home/pan-navigator/.TinyTeX/texmf-dist/tex/latex/siunitx/siunitx.sty (/home/pan-navigator/.TinyTeX/texmf-dist/tex/latex/tools/array.sty)) (/home/pan-navigator/.TinyTeX/texmf-dist/tex/latex/hyperref/hyperref.sty (/home/pan-navigator/.TinyTeX/texmf-dist/tex/generic/iftex/iftex.sty) (/home/pan-navigator/.TinyTeX/texmf-dist/tex/latex/kvsetkeys/kvsetkeys.sty) (/home/pan-navigator/.TinyTeX/texmf-dist/tex/generic/kvdefinekeys/kvdefinekeys.sty) (/home/pan-navigator/.TinyTeX/texmf-dist/tex/generic/pdfescape/pdfescape.sty (/home/pan-navigator/.TinyTeX/texmf-dist/tex/generic/ltxcmds/ltxcmds.sty) (/home/pan-navigator/.TinyTeX/texmf-dist/tex/generic/pdftexcmds/pdftexcmds.sty (/home/pan-navigator/.TinyTeX/texmf-dist/tex/generic/infwarerr/infwarerr.sty))) (/home/pan-navigator/.TinyTeX/texmf-dist/tex/latex/hycolor/hycolor.sty) (/home/pan-navigator/.TinyTeX/texmf-dist/tex/latex/hyperref/nameref.sty (/home/pan-navigator/.TinyTeX/texmf-dist/tex/latex/refcount/refcount.sty) (/home/pan-navigator/.TinyTeX/texmf-dist/tex/generic/gettitlestring/gettitlestring.sty (/home/pan-navigator/.TinyTeX/texmf-dist/tex/latex/kvoptions/kvoptions.sty))) (/home/pan-navigator/.TinyTeX/texmf-dist/tex/generic/stringenc/stringenc.sty) (/home/pan-navigator/.TinyTeX/texmf-dist/tex/latex/hyperref/pd1enc.def) (/home/pan-navigator/.TinyTeX/texmf-dist/tex/generic/intcalc/intcalc.sty) (/home/pan-navigator/.TinyTeX/texmf-dist/tex/latex/hyperref/puenc.def) (/home/pan-navigator/.TinyTeX/texmf-dist/tex/latex/url/url.sty) (/home/pan-navigator/.TinyTeX/texmf-dist/tex/generic/bitset/bitset.sty (/home/pan-navigator/.TinyTeX/texmf-dist/tex/generic/bigintcalc/bigintcalc.sty))) (/home/pan-navigator/.TinyTeX/texmf-dist/tex/latex/hyperref/hpdftex.def (/home/pan-navigator/.TinyTeX/texmf-dist/tex/latex/rerunfilecheck/rerunfilecheck.sty (/home/pan-navigator/.TinyTeX/texmf-dist/tex/generic/uniquecounter/uniquecounter.sty))) (/home/pan-navigator/.TinyTeX/texmf-dist/tex/latex/txfonts/t1txr.fd) (./manuscript.aux) (/home/pan-navigator/.TinyTeX/texmf-dist/tex/latex/txfonts/omltxmi.fd) (/home/pan-navigator/.TinyTeX/texmf-dist/tex/latex/txfonts/omstxsy.fd) (/home/pan-navigator/.TinyTeX/texmf-dist/tex/latex/txfonts/omxtxex.fd) (/home/pan-navigator/.TinyTeX/texmf-dist/tex/latex/txfonts/utxexa.fd) (/home/pan-navigator/.TinyTeX/texmf-dist/tex/latex/epstopdf-pkg/epstopdf-base.sty (/home/pan-navigator/.TinyTeX/texmf-dist/tex/latex/latexconfig/epstopdf-sys.cfg)) (./manuscript.out) (./manuscript.out) (/home/pan-navigator/.TinyTeX/texmf-dist/tex/latex/txfonts/ot1txr.fd) (/home/pan-navigator/.TinyTeX/texmf-dist/tex/latex/txfonts/utxmia.fd) (/home/pan-navigator/.TinyTeX/texmf-dist/tex/latex/amsfonts/umsa.fd) (/home/pan-navigator/.TinyTeX/texmf-dist/tex/latex/amsfonts/umsb.fd) (/home/pan-navigator/.TinyTeX/texmf-dist/tex/latex/txfonts/utxsyc.fd) [1{/home/pan-navigator/.TinyTeX/texmf-var/fonts/map/pdftex/updmap/pdftex.map}{/home/pan-navigator/.TinyTeX/texmf-dist/fonts/enc/dvips/base/8r.enc}] [2]
Overfull \hbox (0.127pt too wide) in paragraph at lines 89--90
\T1/txr/m/n/10 search, and the Lin--Kernighan--Helsgaun (LKH) heuris-tic via \T1/cmtt/m/n/10 elkai\T1/txr/m/n/10 ---alongside
[3] [4] [5] [6] [7] [8] [9 <./figures/paper/fig1_graph_topology.png>] [10]
Overfull \hbox (7.22469pt too wide) in paragraph at lines 205--206
\T1/txr/m/n/10 successor-domain \T1/cmtt/m/n/10 alldifferent \T1/txr/m/n/10 rea-son-ing with strongly-connected-component checks
[11] [12] [13]
Overfull \hbox (7.11526pt too wide) in paragraph at lines 277--278
[]\T1/txr/m/n/10 We gen-er-ated 5,000 sce-nar-ios per ob-ject count $\OML/txmi/m/it/10 N \OMS/txsy/m/n/10 2 f\OT1/txr/m/n/10 3\OML/txmi/m/it/10 ; \OT1/txr/m/n/10 5\OML/txmi/m/it/10 ; \OT1/txr/m/n/10 10\OML/txmi/m/it/10 ; \OT1/txr/m/n/10 20\OML/txmi/m/it/10 ; \OT1/txr/m/n/10 40\OML/txmi/m/it/10 ; \OT1/txr/m/n/10 100\OML/txmi/m/it/10 ; \OT1/txr/m/n/10 200\OMS/txsy/m/n/10 g$ \T1/txr/m/n/10 (35,000
[14]
Overfull \hbox (52.8164pt too wide) in paragraph at lines 287--288
\T1/txr/m/n/10 met-ric 2.7.0, OR-Tools 9.x, Con-corde 03.12.19. CP-SAT is in-voked with \T1/cmtt/m/n/10 num_search_workers \T1/txr/m/n/10 = 8

Package natbib Warning: Citation `binning_dataset_2026' on page 15 undefined on input line 289.


Package natbib Warning: Citation `leap_software_2026' on page 15 undefined on input line 289.

[15] [16 <./figures/40obj/training/loss.png>] [17 <./figures/40obj/training/win_rate.png>] [18]
Overfull \hbox (4.29008pt too wide) in paragraph at lines 408--409
[]\T1/txr/m/n/10 The cyclic star topol-ogy is es-sen-tial: fully con-nected fails catas-troph-i-cally ($\OMS/txsy/m/n/10 ^^@$\T1/txr/m/n/10 24.8%).
[19 <./figures/40obj/steps/per_step_advantage.png>] [20] [21 <./figures/paper/fig_pareto_n200.png>]

Package hyperref Warning: Token not allowed in a PDF string (Unicode):
(hyperref)                removing `math shift' on input line 498.


Package hyperref Warning: Token not allowed in a PDF string (Unicode):
(hyperref)                removing `math shift' on input line 498.

[22] [23 <./figures/paper/fig_timing_scaling_v2.png> <./figures/paper/fig_runtime_histogram.png>] [24 <./figures/paper/fig_k_pareto.png>] [25] [26]
Overfull \hbox (6.67953pt too wide) in paragraph at lines 567--568
[]\T1/txr/m/n/10 We have pre-sented LEAP (Learning-Enhanced Arc Prun-ing), a frame-work for robotic
[27]

Package natbib Warning: Citation `binning_dataset_2026' on page 28 undefined on input line 577.


Package natbib Warning: Citation `leap_software_2026' on page 28 undefined on input line 577.


Overfull \hbox (1.92949pt too wide) in paragraph at lines 579--579
[][]\T1/txr/bx/n/10 Declaration of gen-er-a-tive AI and AI-assisted tech-nolo-gies in the manuscript prepa-
(./manuscript.bbl [28]
Underfull \hbox (badness 2103) in paragraph at lines 27--29
[]\T1/txr/m/n/10 V. Nair, et al., Solv-ing mixed in-te-ger pro-grams us-ing neu-ral net-works,
[29] [30] [31]
Underfull \hbox (badness 1552) in paragraph at lines 119--121
[]\T1/txr/m/n/10 Anonymous Au-thor(s), Asym-met-ric pick-and-place se-quenc-ing bench-mark:
)

Package natbib Warning: There were undefined citations.

[32] (./manuscript.aux

Package natbib Warning: Citation(s) may have changed.
(natbib)                Rerun to get citations correct.

) )
(see the transcript file for additional information) </home/pan-navigator/.TinyTeX/texmf-var/fonts/pk/ljfour/jknappen/ec/ectt0800.600pk> </home/pan-navigator/.TinyTeX/texmf-var/fonts/pk/ljfour/jknappen/ec/ectt1000.600pk></home/pan-navigator/.TinyTeX/texmf-dist/fonts/type1/public/amsfonts/symbols/msbm10.pfb></home/pan-navigator/.TinyTeX/texmf-dist/fonts/type1/public/txfonts/rtxb.pfb></home/pan-navigator/.TinyTeX/texmf-dist/fonts/type1/public/txfonts/rtxmi.pfb></home/pan-navigator/.TinyTeX/texmf-dist/fonts/type1/public/txfonts/rtxr.pfb></home/pan-navigator/.TinyTeX/texmf-dist/fonts/type1/public/txfonts/txex.pfb></home/pan-navigator/.TinyTeX/texmf-dist/fonts/type1/public/txfonts/txsy.pfb></home/pan-navigator/.TinyTeX/texmf-dist/fonts/type1/public/txfonts/txsyc.pfb></home/pan-navigator/.TinyTeX/texmf-dist/fonts/type1/urw/times/utmb8a.pfb></home/pan-navigator/.TinyTeX/texmf-dist/fonts/type1/urw/times/utmr8a.pfb></home/pan-navigator/.TinyTeX/texmf-dist/fonts/type1/urw/times/utmri8a.pfb>
Output written on manuscript.pdf (32 pages, 1006764 bytes).
Transcript written on manuscript.log.
Latexmk: Getting log file 'manuscript.log'
Latexmk: Examining 'manuscript.fls'
Latexmk: Examining 'manuscript.log'
Latexmk: Found input bbl file 'manuscript.bbl'
Latexmk: References changed.
Latexmk: Log file says output to 'manuscript.pdf'
Latexmk: Using bibtex to make bibliography file(s).
  ===Source file 'manuscript.bbl' for 'pdflatex'
Latexmk: Found bibliography file(s):
  ./refs.bib
Latexmk: applying rule 'bibtex manuscript'...
Rule 'bibtex manuscript':  Reasons for rerun
Changed files or newly in use/created:
  manuscript.aux

------------
Run number 2 of rule 'bibtex manuscript'
------------
------------
Running 'bibtex  "manuscript.aux"'
------------
This is BibTeX, Version 0.99e (TeX Live 2026)
The top-level auxiliary file: manuscript.aux
The style file: elsarticle-num.bst
Database file #1: refs.bib
Warning--empty pages in chalasani1996
Warning--empty pages in vinyals2015pointer
Warning--empty pages in kool2019attention
Warning--empty pages in gasse2019exact
Warning--can't use both volume and number fields in fu2021gentsp
Warning--empty pages in min2023utsp
Warning--empty pages in loshchilov2019adamw
Warning--empty pages in perron2023cpsat
Warning--empty pages in joshi2021rethinking
(There were 9 warnings)
Latexmk: applying rule 'pdflatex'...
Rule 'pdflatex':  Reasons for rerun
Changed files or newly in use/created:
  manuscript.aux

------------
Run number 3 of rule 'pdflatex'
------------
------------
Running 'pdflatex  -interaction=nonstopmode -halt-on-error -recorder  "manuscript.tex"'
------------
This is pdfTeX, Version 3.141592653-2.6-1.40.29 (TeX Live 2026) (preloaded format=pdflatex)
 restricted \write18 enabled.
entering extended mode
(./manuscript.tex
LaTeX2e <2025-11-01>
L3 programming layer <2026-05-26>
(/home/pan-navigator/.TinyTeX/texmf-dist/tex/latex/elsarticle/elsarticle.cls
Document Class: elsarticle 2026/01/09, 3.5: Elsevier Ltd
(/home/pan-navigator/.TinyTeX/texmf-dist/tex/latex/base/fontenc.sty) (/home/pan-navigator/.TinyTeX/texmf-dist/tex/latex/l3kernel/expl3.sty (/home/pan-navigator/.TinyTeX/texmf-dist/tex/latex/l3backend/l3backend-pdftex.def)) (/home/pan-navigator/.TinyTeX/texmf-dist/tex/latex/l3packages/xparse/xparse.sty) (/home/pan-navigator/.TinyTeX/texmf-dist/tex/latex/etoolbox/etoolbox.sty) (/home/pan-navigator/.TinyTeX/texmf-dist/tex/latex/base/article.cls
Document Class: article 2025/01/22 v1.4n Standard LaTeX document class
(/home/pan-navigator/.TinyTeX/texmf-dist/tex/latex/base/size10.clo)) (/home/pan-navigator/.TinyTeX/texmf-dist/tex/latex/graphics/graphicx.sty (/home/pan-navigator/.TinyTeX/texmf-dist/tex/latex/graphics/keyval.sty) (/home/pan-navigator/.TinyTeX/texmf-dist/tex/latex/graphics/graphics.sty (/home/pan-navigator/.TinyTeX/texmf-dist/tex/latex/graphics/trig.sty) (/home/pan-navigator/.TinyTeX/texmf-dist/tex/latex/graphics-cfg/graphics.cfg) (/home/pan-navigator/.TinyTeX/texmf-dist/tex/latex/graphics-def/pdftex.def))) (./manuscript.spl) (/home/pan-navigator/.TinyTeX/texmf-dist/tex/latex/natbib/natbib.sty)) (/home/pan-navigator/.TinyTeX/texmf-dist/tex/latex/txfonts/txfonts.sty) (/home/pan-navigator/.TinyTeX/texmf-dist/tex/latex/amsmath/amsmath.sty
For additional information on amsmath, use the `?' option.
(/home/pan-navigator/.TinyTeX/texmf-dist/tex/latex/amsmath/amstext.sty (/home/pan-navigator/.TinyTeX/texmf-dist/tex/latex/amsmath/amsgen.sty)) (/home/pan-navigator/.TinyTeX/texmf-dist/tex/latex/amsmath/amsbsy.sty) (/home/pan-navigator/.TinyTeX/texmf-dist/tex/latex/amsmath/amsopn.sty)) (/home/pan-navigator/.TinyTeX/texmf-dist/tex/latex/amsfonts/amssymb.sty (/home/pan-navigator/.TinyTeX/texmf-dist/tex/latex/amsfonts/amsfonts.sty)) (/home/pan-navigator/.TinyTeX/texmf-dist/tex/latex/algorithms/algorithm.sty (/home/pan-navigator/.TinyTeX/texmf-dist/tex/latex/float/float.sty) (/home/pan-navigator/.TinyTeX/texmf-dist/tex/latex/base/ifthen.sty)) (/home/pan-navigator/.TinyTeX/texmf-dist/tex/latex/algorithms/algorithmic.sty) (/home/pan-navigator/.TinyTeX/texmf-dist/tex/latex/base/textcomp.sty) (/home/pan-navigator/.TinyTeX/texmf-dist/tex/latex/xcolor/xcolor.sty (/home/pan-navigator/.TinyTeX/texmf-dist/tex/latex/graphics-cfg/color.cfg) (/home/pan-navigator/.TinyTeX/texmf-dist/tex/latex/graphics/mathcolor.ltx)) (/home/pan-navigator/.TinyTeX/texmf-dist/tex/latex/booktabs/booktabs.sty) (/home/pan-navigator/.TinyTeX/texmf-dist/tex/latex/multirow/multirow.sty) (/home/pan-navigator/.TinyTeX/texmf-dist/tex/latex/siunitx/siunitx.sty (/home/pan-navigator/.TinyTeX/texmf-dist/tex/latex/tools/array.sty)) (/home/pan-navigator/.TinyTeX/texmf-dist/tex/latex/hyperref/hyperref.sty (/home/pan-navigator/.TinyTeX/texmf-dist/tex/generic/iftex/iftex.sty) (/home/pan-navigator/.TinyTeX/texmf-dist/tex/latex/kvsetkeys/kvsetkeys.sty) (/home/pan-navigator/.TinyTeX/texmf-dist/tex/generic/kvdefinekeys/kvdefinekeys.sty) (/home/pan-navigator/.TinyTeX/texmf-dist/tex/generic/pdfescape/pdfescape.sty (/home/pan-navigator/.TinyTeX/texmf-dist/tex/generic/ltxcmds/ltxcmds.sty) (/home/pan-navigator/.TinyTeX/texmf-dist/tex/generic/pdftexcmds/pdftexcmds.sty (/home/pan-navigator/.TinyTeX/texmf-dist/tex/generic/infwarerr/infwarerr.sty))) (/home/pan-navigator/.TinyTeX/texmf-dist/tex/latex/hycolor/hycolor.sty) (/home/pan-navigator/.TinyTeX/texmf-dist/tex/latex/hyperref/nameref.sty (/home/pan-navigator/.TinyTeX/texmf-dist/tex/latex/refcount/refcount.sty) (/home/pan-navigator/.TinyTeX/texmf-dist/tex/generic/gettitlestring/gettitlestring.sty (/home/pan-navigator/.TinyTeX/texmf-dist/tex/latex/kvoptions/kvoptions.sty))) (/home/pan-navigator/.TinyTeX/texmf-dist/tex/generic/stringenc/stringenc.sty) (/home/pan-navigator/.TinyTeX/texmf-dist/tex/latex/hyperref/pd1enc.def) (/home/pan-navigator/.TinyTeX/texmf-dist/tex/generic/intcalc/intcalc.sty) (/home/pan-navigator/.TinyTeX/texmf-dist/tex/latex/hyperref/puenc.def) (/home/pan-navigator/.TinyTeX/texmf-dist/tex/latex/url/url.sty) (/home/pan-navigator/.TinyTeX/texmf-dist/tex/generic/bitset/bitset.sty (/home/pan-navigator/.TinyTeX/texmf-dist/tex/generic/bigintcalc/bigintcalc.sty))) (/home/pan-navigator/.TinyTeX/texmf-dist/tex/latex/hyperref/hpdftex.def (/home/pan-navigator/.TinyTeX/texmf-dist/tex/latex/rerunfilecheck/rerunfilecheck.sty (/home/pan-navigator/.TinyTeX/texmf-dist/tex/generic/uniquecounter/uniquecounter.sty))) (/home/pan-navigator/.TinyTeX/texmf-dist/tex/latex/txfonts/t1txr.fd) (./manuscript.aux) (/home/pan-navigator/.TinyTeX/texmf-dist/tex/latex/txfonts/omltxmi.fd) (/home/pan-navigator/.TinyTeX/texmf-dist/tex/latex/txfonts/omstxsy.fd) (/home/pan-navigator/.TinyTeX/texmf-dist/tex/latex/txfonts/omxtxex.fd) (/home/pan-navigator/.TinyTeX/texmf-dist/tex/latex/txfonts/utxexa.fd) (/home/pan-navigator/.TinyTeX/texmf-dist/tex/latex/epstopdf-pkg/epstopdf-base.sty (/home/pan-navigator/.TinyTeX/texmf-dist/tex/latex/latexconfig/epstopdf-sys.cfg)) (./manuscript.out) (./manuscript.out) (/home/pan-navigator/.TinyTeX/texmf-dist/tex/latex/txfonts/ot1txr.fd) (/home/pan-navigator/.TinyTeX/texmf-dist/tex/latex/txfonts/utxmia.fd) (/home/pan-navigator/.TinyTeX/texmf-dist/tex/latex/amsfonts/umsa.fd) (/home/pan-navigator/.TinyTeX/texmf-dist/tex/latex/amsfonts/umsb.fd) (/home/pan-navigator/.TinyTeX/texmf-dist/tex/latex/txfonts/utxsyc.fd) [1{/home/pan-navigator/.TinyTeX/texmf-var/fonts/map/pdftex/updmap/pdftex.map}{/home/pan-navigator/.TinyTeX/texmf-dist/fonts/enc/dvips/base/8r.enc}] [2]
Overfull \hbox (0.127pt too wide) in paragraph at lines 89--90
\T1/txr/m/n/10 search, and the Lin--Kernighan--Helsgaun (LKH) heuris-tic via \T1/cmtt/m/n/10 elkai\T1/txr/m/n/10 ---alongside
[3] [4] [5] [6] [7] [8] [9 <./figures/paper/fig1_graph_topology.png>] [10]
Overfull \hbox (7.22469pt too wide) in paragraph at lines 205--206
\T1/txr/m/n/10 successor-domain \T1/cmtt/m/n/10 alldifferent \T1/txr/m/n/10 rea-son-ing with strongly-connected-component checks
[11] [12] [13]
Overfull \hbox (7.11526pt too wide) in paragraph at lines 277--278
[]\T1/txr/m/n/10 We gen-er-ated 5,000 sce-nar-ios per ob-ject count $\OML/txmi/m/it/10 N \OMS/txsy/m/n/10 2 f\OT1/txr/m/n/10 3\OML/txmi/m/it/10 ; \OT1/txr/m/n/10 5\OML/txmi/m/it/10 ; \OT1/txr/m/n/10 10\OML/txmi/m/it/10 ; \OT1/txr/m/n/10 20\OML/txmi/m/it/10 ; \OT1/txr/m/n/10 40\OML/txmi/m/it/10 ; \OT1/txr/m/n/10 100\OML/txmi/m/it/10 ; \OT1/txr/m/n/10 200\OMS/txsy/m/n/10 g$ \T1/txr/m/n/10 (35,000
[14]
Overfull \hbox (52.8164pt too wide) in paragraph at lines 287--288
\T1/txr/m/n/10 met-ric 2.7.0, OR-Tools 9.x, Con-corde 03.12.19. CP-SAT is in-voked with \T1/cmtt/m/n/10 num_search_workers \T1/txr/m/n/10 = 8
[15] [16 <./figures/40obj/training/loss.png>] [17 <./figures/40obj/training/win_rate.png>] [18]
Overfull \hbox (4.29008pt too wide) in paragraph at lines 408--409
[]\T1/txr/m/n/10 The cyclic star topol-ogy is es-sen-tial: fully con-nected fails catas-troph-i-cally ($\OMS/txsy/m/n/10 ^^@$\T1/txr/m/n/10 24.8%).
[19 <./figures/40obj/steps/per_step_advantage.png>] [20] [21 <./figures/paper/fig_pareto_n200.png>]

Package hyperref Warning: Token not allowed in a PDF string (Unicode):
(hyperref)                removing `math shift' on input line 498.


Package hyperref Warning: Token not allowed in a PDF string (Unicode):
(hyperref)                removing `math shift' on input line 498.

[22] [23 <./figures/paper/fig_timing_scaling_v2.png> <./figures/paper/fig_runtime_histogram.png>] [24 <./figures/paper/fig_k_pareto.png>] [25] [26]
Overfull \hbox (6.67953pt too wide) in paragraph at lines 567--568
[]\T1/txr/m/n/10 We have pre-sented LEAP (Learning-Enhanced Arc Prun-ing), a frame-work for robotic
[27]
Overfull \hbox (1.92949pt too wide) in paragraph at lines 579--579
[][]\T1/txr/bx/n/10 Declaration of gen-er-a-tive AI and AI-assisted tech-nolo-gies in the manuscript prepa-
(./manuscript.bbl [28]
Underfull \hbox (badness 2103) in paragraph at lines 27--29
[]\T1/txr/m/n/10 V. Nair, et al., Solv-ing mixed in-te-ger pro-grams us-ing neu-ral net-works,
[29] [30] [31]
Underfull \hbox (badness 1552) in paragraph at lines 119--121
[]\T1/txr/m/n/10 Anonymous Au-thor(s), Asym-met-ric pick-and-place se-quenc-ing bench-mark:
) [32] (./manuscript.aux) )
(see the transcript file for additional information) </home/pan-navigator/.TinyTeX/texmf-var/fonts/pk/ljfour/jknappen/ec/ectt0800.600pk> </home/pan-navigator/.TinyTeX/texmf-var/fonts/pk/ljfour/jknappen/ec/ectt1000.600pk></home/pan-navigator/.TinyTeX/texmf-dist/fonts/type1/public/amsfonts/symbols/msbm10.pfb></home/pan-navigator/.TinyTeX/texmf-dist/fonts/type1/public/txfonts/rtxb.pfb></home/pan-navigator/.TinyTeX/texmf-dist/fonts/type1/public/txfonts/rtxmi.pfb></home/pan-navigator/.TinyTeX/texmf-dist/fonts/type1/public/txfonts/rtxr.pfb></home/pan-navigator/.TinyTeX/texmf-dist/fonts/type1/public/txfonts/txex.pfb></home/pan-navigator/.TinyTeX/texmf-dist/fonts/type1/public/txfonts/txsy.pfb></home/pan-navigator/.TinyTeX/texmf-dist/fonts/type1/public/txfonts/txsyc.pfb></home/pan-navigator/.TinyTeX/texmf-dist/fonts/type1/urw/times/utmb8a.pfb></home/pan-navigator/.TinyTeX/texmf-dist/fonts/type1/urw/times/utmr8a.pfb></home/pan-navigator/.TinyTeX/texmf-dist/fonts/type1/urw/times/utmri8a.pfb>
Output written on manuscript.pdf (32 pages, 1006741 bytes).
Transcript written on manuscript.log.
Latexmk: Getting log file 'manuscript.log'
Latexmk: Examining 'manuscript.fls'
Latexmk: Examining 'manuscript.log'
Latexmk: Found input bbl file 'manuscript.bbl'
Latexmk: Log file says output to 'manuscript.pdf'
Latexmk: Using bibtex to make bibliography file(s).
  ===Source file 'manuscript.bbl' for 'pdflatex'
Latexmk: Found bibliography file(s):
  ./refs.bib
Latexmk: All targets (manuscript.pdf) are up-to-date

